<?xml version="1.0" encoding="UTF-8"?>
<!-- Generated by org.testng.reporters.JUnitReportReporter -->
<testsuite hostname="Shruti-Agrawals-MBPr.local" failures="0" tests="1" name="TestCase.VerifyLogin" time="11.310" errors="0" timestamp="22 Jul 2018 21:35:51 GMT" skipped="0">
  <testcase classname="TestCase.VerifyLogin" name="verifyValidLogin" time="11.310"/>
</testsuite> <!-- TestCase.VerifyLogin -->
